yarn run v1.22.19
$ prisma generate
Prisma schema loaded from prisma/schema.prisma

✔ Generated Prisma Client (4.9.0 | library) to ./node_modules/@prisma/client in 72ms
You can now start using Prisma Client in your code. Reference: https://pris.ly/d/client
```
import { PrismaClient } from '@prisma/client'
const prisma = new PrismaClient()
```
$ next dev
warn  - Port 3000 is in use, trying 3001 instead.
ready - started server on 0.0.0.0:3001, url: http://localhost:3001
event - compiled client and server successfully in 413 ms (215 modules)
warn  - You are using an experimental edge runtime, the API might change.
wait  - compiling / (client and server)...
event - compiled client and server successfully in 2.7s (1780 modules)
wait  - compiling /api/auth/[...nextauth] (client and server)...
event - compiled successfully in 132 ms (138 modules)
[next-auth][warn][NEXTAUTH_URL] 
https://next-auth.js.org/warnings#nextauth_url
[next-auth][warn][NO_SECRET] 
https://next-auth.js.org/warnings#no_secret
error Command failed with signal "SIGKILL".
info Visit https://yarnpkg.com/en/docs/cli/run for documentation about this command.
